  Player.cpp
  main.cpp
  ofGame.cpp
d:\coding projects\of_v0.10.1_vs2017_release\libs\openframeworks\math\ofmatrix4x4.h(326): warning C4267: 'argument': conversion from 'size_t' to 'int', possible loss of data (compiling source file Player.cpp)
d:\coding projects\of_v0.10.1_vs2017_release\libs\openframeworks\math\ofmatrix4x4.h(331): warning C4267: 'argument': conversion from 'size_t' to 'int', possible loss of data (compiling source file Player.cpp)
d:\coding projects\of_v0.10.1_vs2017_release\libs\openframeworks\math\ofmatrix4x4.h(912): warning C4267: 'argument': conversion from 'size_t' to 'int', possible loss of data (compiling source file Player.cpp)
d:\coding projects\of_v0.10.1_vs2017_release\libs\openframeworks\math\ofmatrix4x4.h(913): warning C4267: 'argument': conversion from 'size_t' to 'int', possible loss of data (compiling source file Player.cpp)
d:\coding projects\of_v0.10.1_vs2017_release\libs\openframeworks\math\ofmatrix4x4.h(914): warning C4267: 'argument': conversion from 'size_t' to 'int', possible loss of data (compiling source file Player.cpp)
d:\coding projects\of_v0.10.1_vs2017_release\libs\openframeworks\math\ofmatrix4x4.h(915): warning C4267: 'argument': conversion from 'size_t' to 'int', possible loss of data (compiling source file Player.cpp)
d:\coding projects\of_v0.10.1_vs2017_release\libs\openframeworks\math\ofmatrix4x4.h(326): warning C4267: 'argument': conversion from 'size_t' to 'int', possible loss of data (compiling source file main.cpp)
d:\coding projects\of_v0.10.1_vs2017_release\libs\openframeworks\math\ofmatrix4x4.h(331): warning C4267: 'argument': conversion from 'size_t' to 'int', possible loss of data (compiling source file main.cpp)
d:\coding projects\of_v0.10.1_vs2017_release\libs\openframeworks\math\ofmatrix4x4.h(912): warning C4267: 'argument': conversion from 'size_t' to 'int', possible loss of data (compiling source file main.cpp)
d:\coding projects\of_v0.10.1_vs2017_release\libs\openframeworks\math\ofmatrix4x4.h(913): warning C4267: 'argument': conversion from 'size_t' to 'int', possible loss of data (compiling source file main.cpp)
d:\coding projects\of_v0.10.1_vs2017_release\libs\openframeworks\math\ofmatrix4x4.h(914): warning C4267: 'argument': conversion from 'size_t' to 'int', possible loss of data (compiling source file main.cpp)
d:\coding projects\of_v0.10.1_vs2017_release\libs\openframeworks\math\ofmatrix4x4.h(915): warning C4267: 'argument': conversion from 'size_t' to 'int', possible loss of data (compiling source file main.cpp)
d:\coding projects\of_v0.10.1_vs2017_release\libs\openframeworks\math\ofmatrix4x4.h(326): warning C4267: 'argument': conversion from 'size_t' to 'int', possible loss of data (compiling source file ofGame.cpp)
d:\coding projects\of_v0.10.1_vs2017_release\libs\openframeworks\math\ofmatrix4x4.h(331): warning C4267: 'argument': conversion from 'size_t' to 'int', possible loss of data (compiling source file ofGame.cpp)
d:\coding projects\of_v0.10.1_vs2017_release\libs\openframeworks\math\ofmatrix4x4.h(912): warning C4267: 'argument': conversion from 'size_t' to 'int', possible loss of data (compiling source file ofGame.cpp)
d:\coding projects\of_v0.10.1_vs2017_release\libs\openframeworks\math\ofmatrix4x4.h(913): warning C4267: 'argument': conversion from 'size_t' to 'int', possible loss of data (compiling source file ofGame.cpp)
d:\coding projects\of_v0.10.1_vs2017_release\libs\openframeworks\math\ofmatrix4x4.h(914): warning C4267: 'argument': conversion from 'size_t' to 'int', possible loss of data (compiling source file ofGame.cpp)
d:\coding projects\of_v0.10.1_vs2017_release\libs\openframeworks\math\ofmatrix4x4.h(915): warning C4267: 'argument': conversion from 'size_t' to 'int', possible loss of data (compiling source file ofGame.cpp)
  270 Project.vcxproj -> D:\Coding Projects\of_v0.10.1_vs2017_release\apps\myApps\270 Project\bin\270 Project_debug.exe
  
  	                   2	D:\Coding Projects\of_v0.10.1_vs2017_release\libs\fmodex\lib\vs\x64\
  	  *EXTRA File 		 6942208	D:\Coding Projects\of_v0.10.1_vs2017_release\apps\myApps\270 Project\bin\FreeImage.dll
  
  	                   1	D:\Coding Projects\of_v0.10.1_vs2017_release\libs\FreeImage\lib\vs\x64\
  	  *EXTRA File 		 1503232	D:\Coding Projects\of_v0.10.1_vs2017_release\apps\myApps\270 Project\bin\fmodex64.dll
  	  *EXTRA File 		 1552384	D:\Coding Projects\of_v0.10.1_vs2017_release\apps\myApps\270 Project\bin\fmodexL64.dll
